[08:33:34] 🚀 TW-Radar 背景排程器啟動
[08:33:34] ✅ 排程設定完成：
[08:33:34]    新聞 → 每30分鐘
[08:33:34]    持股監控 → 每10分鐘（盤中）
[08:33:34]    技術評分 → 每日 14:10
[08:33:34]    先知分析 → 每日 9:00 & 20:00
[08:33:34]    晨間提醒 → 每日 8:30
[08:33:34] 🔁 啟動初始化掃描...
[08:33:34] 📰 更新新聞...
[08:33:40]   取得 64 條，高影響力 47 條
[08:33:40] ⏳ 持續監控中（Ctrl+C 停止）...
[09:00:40] 🔮 執行先知分析...
[09:00:40]   先知分析失敗：no_key
[09:03:40] 📰 更新新聞...
[09:03:45]   取得 64 條，高影響力 48 條
[09:03:45] 📊 盤中監控持股...
[09:13:45] 📊 盤中監控持股...
[09:23:45] 📊 盤中監控持股...
[09:33:45] 📰 更新新聞...
[09:33:52]   取得 64 條，高影響力 46 條
[09:33:52] 📊 盤中監控持股...
[09:46:09] 📊 盤中監控持股...
[09:56:09] 📊 盤中監控持股...
[10:04:09] 📰 更新新聞...
[10:04:15]   取得 64 條，高影響力 47 條
[10:06:15] 📊 盤中監控持股...
[10:16:16] 📊 盤中監控持股...
[10:26:16] 📊 盤中監控持股...
[10:34:16] 📰 更新新聞...
[10:34:27]   取得 64 條，高影響力 49 條
[10:36:27] 📊 盤中監控持股...
[10:46:28] 📊 盤中監控持股...
[10:56:28] 📊 盤中監控持股...
[11:04:28] 📰 更新新聞...
[11:04:34]   取得 64 條，高影響力 47 條
[11:06:34] 📊 盤中監控持股...
[11:16:34] 📊 盤中監控持股...
[11:26:34] 📊 盤中監控持股...
[11:34:34] 📰 更新新聞...
[11:34:41]   取得 64 條，高影響力 44 條
[11:36:41] 📊 盤中監控持股...
[11:46:41] 📊 盤中監控持股...
[11:56:41] 📊 盤中監控持股...
[12:04:41] 📰 更新新聞...
[12:04:48]   取得 64 條，高影響力 47 條
[12:06:48] 📊 盤中監控持股...
[12:16:48] 📊 盤中監控持股...
[12:26:48] 📊 盤中監控持股...
[12:34:48] 📰 更新新聞...
[12:34:55]   取得 64 條，高影響力 48 條
[12:36:55] 📊 盤中監控持股...
[12:46:55] 📊 盤中監控持股...
[12:56:55] 📊 盤中監控持股...
[13:04:55] 📰 更新新聞...
[13:05:02]   取得 64 條，高影響力 51 條
[13:07:02] 📊 盤中監控持股...
[13:17:02] 📊 盤中監控持股...
[13:27:02] 📊 盤中監控持股...
[13:35:03] 📰 更新新聞...
[13:35:09]   取得 64 條，高影響力 50 條
[14:05:32] 📰 更新新聞...
[14:05:43]   取得 64 條，高影響力 49 條
[14:10:43] 📈 計算持股技術評分...
[14:35:43] 📰 更新新聞...
[14:35:50]   取得 64 條，高影響力 48 條
[15:05:50] 📰 更新新聞...
[15:05:59]   取得 64 條，高影響力 42 條
[15:35:59] 📰 更新新聞...
[15:36:08]   取得 64 條，高影響力 43 條
[16:35:33] 📰 更新新聞...
[16:35:42]   取得 64 條，高影響力 47 條
[17:05:42] 📰 更新新聞...
[17:05:48]   取得 64 條，高影響力 45 條
[17:38:19] 📰 更新新聞...
[17:38:19]   取得 0 條，高影響力 0 條
[19:02:38] 📰 更新新聞...
[19:02:53]   取得 64 條，高影響力 40 條
[19:32:53] 📰 更新新聞...
[19:32:59]   取得 64 條，高影響力 43 條
[20:00:59] 🔮 執行先知分析...
[20:00:59]   先知分析失敗：no_key
[20:02:59] 📰 更新新聞...
[20:03:13]   取得 64 條，高影響力 45 條
[20:33:14] 📰 更新新聞...
[20:33:19]   取得 64 條，高影響力 43 條
[21:03:19] 📰 更新新聞...
[21:03:25]   取得 64 條，高影響力 43 條
[21:33:26] 📰 更新新聞...
[21:33:32]   取得 64 條，高影響力 42 條
[22:03:32] 📰 更新新聞...
[22:03:38]   取得 64 條，高影響力 44 條
[22:33:39] 📰 更新新聞...
[22:33:45]   取得 64 條，高影響力 46 條
[23:03:45] 📰 更新新聞...
[23:03:53]   取得 64 條，高影響力 41 條
[23:33:53] 📰 更新新聞...
[23:34:06]   取得 64 條，高影響力 45 條
[00:04:06] 📰 更新新聞...
[00:04:11]   取得 64 條，高影響力 40 條
[00:34:11] 📰 更新新聞...
[00:34:16]   取得 64 條，高影響力 45 條
[01:04:16] 📰 更新新聞...
[01:04:30]   取得 64 條，高影響力 48 條
[03:19:46] 📰 更新新聞...
[03:35:16]   取得 56 條，高影響力 37 條
[05:39:27] 📰 更新新聞...
[06:14:40]   取得 56 條，高影響力 37 條
[08:06:40] 📰 更新新聞...
[08:06:40]   取得 0 條，高影響力 0 條
[08:30:40] ☀️ 生成晨間溫馨提醒...
[08:30:40]   晨間提醒完成，1 條
[08:36:40] 📰 更新新聞...
[08:36:46]   取得 64 條，高影響力 45 條
[09:00:46] 🔮 執行先知分析...
[09:00:46]   先知分析失敗：no_key
[09:06:46] 📰 更新新聞...
[09:06:52]   取得 64 條，高影響力 46 條
[09:06:52] 📊 盤中監控持股...
[09:16:52] 📊 盤中監控持股...
[09:26:52] 📊 盤中監控持股...
[09:36:52] 📰 更新新聞...
[09:37:01]   取得 64 條，高影響力 44 條
[09:37:01] 📊 盤中監控持股...
[09:47:01] 📊 盤中監控持股...
[09:57:01] 📊 盤中監控持股...
[10:07:01] 📰 更新新聞...
[10:07:07]   取得 64 條，高影響力 45 條
[10:07:07] 📊 盤中監控持股...
[10:17:07] 📊 盤中監控持股...
[10:27:07] 📊 盤中監控持股...
[10:37:07] 📰 更新新聞...
[10:37:17]   取得 64 條，高影響力 40 條
[10:37:17] 📊 盤中監控持股...
[10:47:17] 📊 盤中監控持股...
[10:57:17] 📊 盤中監控持股...
[11:07:17] 📰 更新新聞...
[11:07:22]   取得 64 條，高影響力 41 條
[11:07:22] 📊 盤中監控持股...
[11:17:22] 📊 盤中監控持股...
[11:27:22] 📊 盤中監控持股...
[11:37:22] 📰 更新新聞...
[11:37:29]   取得 64 條，高影響力 42 條
[11:37:29] 📊 盤中監控持股...
[11:47:29] 📊 盤中監控持股...
[11:57:29] 📊 盤中監控持股...
[12:07:29] 📰 更新新聞...
[12:07:35]   取得 64 條，高影響力 43 條
[12:07:35] 📊 盤中監控持股...
[12:17:35] 📊 盤中監控持股...
[12:27:35] 📊 盤中監控持股...
[12:37:35] 📰 更新新聞...
[12:37:41]   取得 64 條，高影響力 44 條
[12:37:41] 📊 盤中監控持股...
[12:47:41] 📊 盤中監控持股...
[12:57:42] 📊 盤中監控持股...
[13:07:42] 📰 更新新聞...
[13:07:46]   取得 64 條，高影響力 45 條
[13:07:46] 📊 盤中監控持股...
[13:17:46] 📊 盤中監控持股...
[13:27:46] 📊 盤中監控持股...
[13:37:46] 📰 更新新聞...
[13:37:54]   取得 64 條，高影響力 43 條
[14:07:54] 📰 更新新聞...
[14:08:01]   取得 64 條，高影響力 44 條
[14:10:01] 📈 計算持股技術評分...
[14:38:02] 📰 更新新聞...
[14:38:08]   取得 64 條，高影響力 44 條
[15:08:08] 📰 更新新聞...
[15:08:15]   取得 64 條，高影響力 45 條
[15:38:15] 📰 更新新聞...
[15:38:22]   取得 64 條，高影響力 49 條
[16:08:32] 📰 更新新聞...
[16:08:32]   取得 0 條，高影響力 0 條
[16:39:31] 📰 更新新聞...
[16:39:37]   取得 64 條，高影響力 47 條
[17:09:37] 📰 更新新聞...
[17:09:44]   取得 64 條，高影響力 40 條
[17:39:44] 📰 更新新聞...
[17:39:50]   取得 64 條，高影響力 43 條
[18:44:45] 📰 更新新聞...
[19:01:41]   取得 64 條，高影響力 46 條
[20:16:48] 📰 更新新聞...
[20:16:59]   取得 56 條，高影響力 33 條
[20:16:59] 🔮 執行先知分析...
[20:16:59]   先知分析失敗：no_key
[20:46:59] 📰 更新新聞...
[20:47:06]   取得 64 條，高影響力 48 條
[21:17:06] 📰 更新新聞...
[21:17:15]   取得 64 條，高影響力 42 條
[21:47:15] 📰 更新新聞...
[21:47:21]   取得 64 條，高影響力 46 條
[22:17:21] 📰 更新新聞...
[22:17:28]   取得 64 條，高影響力 47 條
[22:47:28] 📰 更新新聞...
[22:47:38]   取得 64 條，高影響力 44 條
[23:17:38] 📰 更新新聞...
[23:17:45]   取得 64 條，高影響力 49 條
[23:47:45] 📰 更新新聞...
[23:47:53]   取得 64 條，高影響力 50 條
[00:17:53] 📰 更新新聞...
[00:17:58]   取得 64 條，高影響力 44 條
[00:49:20] 📰 更新新聞...
[01:22:30]   取得 48 條，高影響力 33 條
[03:48:31] 📰 更新新聞...
[04:06:30]   取得 64 條，高影響力 42 條
[06:37:49] 📰 更新新聞...
[06:55:29]   取得 64 條，高影響力 44 條
[08:05:56] 📰 更新新聞...
[08:06:02]   取得 64 條，高影響力 45 條
[08:30:02] ☀️ 生成晨間溫馨提醒...
[08:30:02]   晨間提醒完成，1 條
[08:36:02] 📰 更新新聞...
[08:36:09]   取得 64 條，高影響力 48 條
[09:00:09] 🔮 執行先知分析...
[09:00:09]   先知分析失敗：no_key
[09:06:09] 📰 更新新聞...
[09:06:16]   取得 64 條，高影響力 46 條
[09:06:16] 📊 盤中監控持股...
[09:16:16] 📊 盤中監控持股...
[09:26:16] 📊 盤中監控持股...
[09:36:16] 📰 更新新聞...
[09:36:22]   取得 64 條，高影響力 47 條
[09:36:22] 📊 盤中監控持股...
[09:46:22] 📊 盤中監控持股...
[09:56:23] 📊 盤中監控持股...
[10:06:23] 📰 更新新聞...
[10:06:29]   取得 64 條，高影響力 50 條
[10:06:29] 📊 盤中監控持股...
[10:16:29] 📊 盤中監控持股...
[10:26:29] 📊 盤中監控持股...
[10:36:29] 📰 更新新聞...
[10:36:38]   取得 56 條，高影響力 39 條
[10:36:38] 📊 盤中監控持股...
[10:46:38] 📊 盤中監控持股...
[10:56:38] 📊 盤中監控持股...
[11:06:38] 📰 更新新聞...
[11:06:44]   取得 64 條，高影響力 47 條
[11:06:44] 📊 盤中監控持股...
[11:16:44] 📊 盤中監控持股...
[11:26:44] 📊 盤中監控持股...
[11:36:44] 📰 更新新聞...
[11:36:51]   取得 56 條，高影響力 40 條
[11:36:51] 📊 盤中監控持股...
[11:46:51] 📊 盤中監控持股...
[11:56:51] 📊 盤中監控持股...
[12:06:51] 📰 更新新聞...
[12:06:59]   取得 64 條，高影響力 47 條
[12:06:59] 📊 盤中監控持股...
[12:16:59] 📊 盤中監控持股...
[12:26:59] 📊 盤中監控持股...
[12:36:59] 📰 更新新聞...
[12:37:07]   取得 48 條，高影響力 33 條
[12:37:07] 📊 盤中監控持股...
[12:47:07] 📊 盤中監控持股...
[12:57:07] 📊 盤中監控持股...
[13:07:07] 📰 更新新聞...
[13:07:15]   取得 56 條，高影響力 40 條
[13:07:15] 📊 盤中監控持股...
[13:17:15] 📊 盤中監控持股...
[13:27:16] 📊 盤中監控持股...
[13:37:16] 📰 更新新聞...
[13:37:23]   取得 56 條，高影響力 35 條
[14:07:23] 📰 更新新聞...
[14:07:38]   取得 64 條，高影響力 45 條
[14:10:38] 📈 計算持股技術評分...
[14:37:39] 📰 更新新聞...
[14:37:45]   取得 64 條，高影響力 45 條
